<?xml version="1.0" encoding="UTF-8"?>
<!-- Generated by org.testng.reporters.JUnitReportReporter -->
<testsuite name="com.cpb.testcases.LoginTest" tests="4" time="38.342" ignored="0" failures="0" timestamp="23 Aug 2019 17:49:31 GMT" skipped="0" hostname="LNAR-PB01AJST" errors="0">
  <testcase name="loginTest" time="8.726" classname="com.cpb.testcases.LoginTest"/>
  <testcase name="loginTest" time="9.537" classname="com.cpb.testcases.LoginTest"/>
  <testcase name="loginTest" time="11.051" classname="com.cpb.testcases.LoginTest"/>
  <testcase name="loginTest" time="9.028" classname="com.cpb.testcases.LoginTest"/>
</testsuite> <!-- com.cpb.testcases.LoginTest -->
