<?xml version="1.0" encoding="UTF-8"?>
<!-- Generated by org.testng.reporters.JUnitReportReporter -->
<testsuite name="com.cpb.testcases.LoginTest" tests="1" time="11.447" ignored="0" failures="0" timestamp="26 Aug 2019 17:34:16 GMT" skipped="0" hostname="LNAR-PB01AJST" errors="0">
  <testcase name="testlogin" time="11.447" classname="com.cpb.testcases.LoginTest"/>
</testsuite> <!-- com.cpb.testcases.LoginTest -->
