<?xml version="1.0" encoding="UTF-8"?>
<!-- Generated by org.testng.reporters.JUnitReportReporter -->
<testsuite skipped="0" hostname="LNAR-PB01AJST" name="com.cpb.testcases.LoginTest" tests="1" failures="0" timestamp="27 Aug 2019 19:57:16 GMT" time="0.273" errors="0">
  <testcase name="testlogin" time="0.273" classname="com.cpb.testcases.LoginTest"/>
</testsuite> <!-- com.cpb.testcases.LoginTest -->
