<?xml version="1.0" encoding="UTF-8"?>
<!-- Generated by org.testng.reporters.JUnitReportReporter -->
<testsuite name="com.cpb.testcases.LoginTest" tests="1" time="0.007" ignored="2" failures="0" timestamp="19 Aug 2019 19:09:43 GMT" skipped="0" hostname="LNAR-PB01AJST" errors="0">
  <testcase name="check" time="0.007" classname="com.cpb.testcases.LoginTest"/>
  <testcase name="tearDown" classname="com.cpb.base.TestBase">
    <skipped/>
  </testcase> <!-- tearDown -->
  <testcase name="setUp" classname="com.cpb.base.TestBase">
    <skipped/>
  </testcase> <!-- setUp -->
</testsuite> <!-- com.cpb.testcases.LoginTest -->
