<?xml version="1.0" encoding="UTF-8"?>
<!-- Generated by org.testng.reporters.JUnitReportReporter -->
<testsuite skipped="0" hostname="LNAR-PB01AJST" name="com.cpb.base.Testing" tests="1" failures="0" timestamp="14 Aug 2019 02:36:52 GMT" time="0.016" errors="0">
  <testcase name="check" time="0.016" classname="com.cpb.base.Testing"/>
</testsuite> <!-- com.cpb.base.Testing -->
